# JRE version: OpenJDK Runtime Environment (11.0.13) (build 11.0.13+0-b1751.21-8125866)
# Java VM: OpenJDK 64-Bit Server VM (11.0.13+0-b1751.21-8125866, mixed mode, tiered, compressed oops, g1 gc, windows-amd64)
Heap:
 garbage-first heap   total 626688K, used 310912K [0x0000000080000000, 0x0000000100000000)
  region size 1024K, 5 young (5120K), 5 survivors (5120K)
 Metaspace       used 139158K, capacity 142479K, committed 142800K, reserved 1173504K
  class space    used 16956K, capacity 18230K, committed 18304K, reserved 1048576K
GC Heap History (20 events):
Event: 668.291 GC heap after
{Heap after GC invocations=245 (full 0):
 garbage-first heap   total 535552K, used 214802K [0x0000000080000000, 0x0000000100000000)
  region size 1024K, 5 young (5120K), 5 survivors (5120K)
 Metaspace       used 137757K, capacity 140958K, committed 141008K, reserved 1173504K
  class space    used 16810K, capacity 18033K, committed 18048K, reserved 1048576K
}
Event: 670.322 GC heap before
{Heap before GC invocations=245 (full 0):
 garbage-first heap   total 535552K, used 458514K [0x0000000080000000, 0x0000000100000000)
  region size 1024K, 243 young (248832K), 5 survivors (5120K)
 Metaspace       used 137759K, capacity 140958K, committed 141008K, reserved 1173504K
  class space    used 16810K, capacity 18033K, committed 18048K, reserved 1048576K
}
Event: 670.352 GC heap after
{Heap after GC invocations=246 (full 0):
 garbage-first heap   total 535552K, used 215873K [0x0000000080000000, 0x0000000100000000)
  region size 1024K, 6 young (6144K), 6 survivors (6144K)
 Metaspace       used 137759K, capacity 140958K, committed 141008K, reserved 1173504K
  class space    used 16810K, capacity 18033K, committed 18048K, reserved 1048576K
}
Event: 673.178 GC heap before
{Heap before GC invocations=246 (full 0):
 garbage-first heap   total 535552K, used 465729K [0x0000000080000000, 0x0000000100000000)
  region size 1024K, 245 young (250880K), 6 survivors (6144K)
 Metaspace       used 137779K, capacity 141022K, committed 141264K, reserved 1173504K
  class space    used 16810K, capacity 18033K, committed 18048K, reserved 1048576K
}
Event: 673.225 GC heap after
{Heap after GC invocations=247 (full 0):
 garbage-first heap   total 535552K, used 216485K [0x0000000080000000, 0x0000000100000000)
  region size 1024K, 7 young (7168K), 7 survivors (7168K)
 Metaspace       used 137779K, capacity 141022K, committed 141264K, reserved 1173504K
  class space    used 16810K, capacity 18033K, committed 18048K, reserved 1048576K
}
Event: 674.455 GC heap before
{Heap before GC invocations=247 (full 0):
 garbage-first heap   total 535552K, used 387493K [0x0000000080000000, 0x0000000100000000)
  region size 1024K, 174 young (178176K), 7 survivors (7168K)
 Metaspace       used 137780K, capacity 141022K, committed 141264K, reserved 1173504K
  class space    used 16810K, capacity 18033K, committed 18048K, reserved 1048576K
}
Event: 674.491 GC heap after
{Heap after GC invocations=248 (full 0):
 garbage-first heap   total 535552K, used 216997K [0x0000000080000000, 0x0000000100000000)
  region size 1024K, 7 young (7168K), 7 survivors (7168K)
 Metaspace       used 137780K, capacity 141022K, committed 141264K, reserved 1173504K
  class space    used 16810K, capacity 18033K, committed 18048K, reserved 1048576K
}
Event: 676.813 GC heap before
{Heap before GC invocations=248 (full 0):
 garbage-first heap   total 535552K, used 410533K [0x0000000080000000, 0x0000000100000000)
  region size 1024K, 188 young (192512K), 7 survivors (7168K)
 Metaspace       used 138219K, capacity 141429K, committed 141648K, reserved 1173504K
  class space    used 16860K, capacity 18078K, committed 18176K, reserved 1048576K
}
Event: 676.838 GC heap after
{Heap after GC invocations=249 (full 0):
 garbage-first heap   total 535552K, used 222629K [0x0000000080000000, 0x0000000100000000)
  region size 1024K, 6 young (6144K), 6 survivors (6144K)
 Metaspace       used 138219K, capacity 141429K, committed 141648K, reserved 1173504K
  class space    used 16860K, capacity 18078K, committed 18176K, reserved 1048576K
}
Event: 678.545 GC heap before
{Heap before GC invocations=249 (full 0):
 garbage-first heap   total 535552K, used 441765K [0x0000000080000000, 0x0000000100000000)
  region size 1024K, 197 young (201728K), 6 survivors (6144K)
 Metaspace       used 138668K, capacity 141900K, committed 142160K, reserved 1173504K
  class space    used 16924K, capacity 18149K, committed 18176K, reserved 1048576K
}
Event: 678.637 GC heap after
{Heap after GC invocations=250 (full 0):
 garbage-first heap   total 535552K, used 251274K [0x0000000080000000, 0x0000000100000000)
  region size 1024K, 22 young (22528K), 22 survivors (22528K)
 Metaspace       used 138668K, capacity 141900K, committed 142160K, reserved 1173504K
  class space    used 16924K, capacity 18149K, committed 18176K, reserved 1048576K
}
Event: 680.016 GC heap before
{Heap before GC invocations=250 (full 0):
 garbage-first heap   total 535552K, used 379274K [0x0000000080000000, 0x0000000100000000)
  region size 1024K, 147 young (150528K), 22 survivors (22528K)
 Metaspace       used 139074K, capacity 142339K, committed 142544K, reserved 1173504K
  class space    used 16955K, capacity 18229K, committed 18304K, reserved 1048576K
}
Event: 680.206 GC heap after
{Heap after GC invocations=251 (full 0):
 garbage-first heap   total 535552K, used 277435K [0x0000000080000000, 0x0000000100000000)
  region size 1024K, 19 young (19456K), 19 survivors (19456K)
 Metaspace       used 139074K, capacity 142339K, committed 142544K, reserved 1173504K
  class space    used 16955K, capacity 18229K, committed 18304K, reserved 1048576K
}
Event: 680.536 GC heap before
{Heap before GC invocations=251 (full 0):
 garbage-first heap   total 535552K, used 297915K [0x0000000080000000, 0x0000000100000000)
  region size 1024K, 39 young (39936K), 19 survivors (19456K)
 Metaspace       used 139076K, capacity 142339K, committed 142544K, reserved 1173504K
  class space    used 16955K, capacity 18229K, committed 18304K, reserved 1048576K
}
Event: 680.660 GC heap after
{Heap after GC invocations=252 (full 0):
 garbage-first heap   total 535552K, used 288256K [0x0000000080000000, 0x0000000100000000)
  region size 1024K, 5 young (5120K), 5 survivors (5120K)
 Metaspace       used 139076K, capacity 142339K, committed 142544K, reserved 1173504K
  class space    used 16955K, capacity 18229K, committed 18304K, reserved 1048576K
}
Event: 681.608 GC heap before
{Heap before GC invocations=252 (full 0):
 garbage-first heap   total 535552K, used 321024K [0x0000000080000000, 0x0000000100000000)
  region size 1024K, 38 young (38912K), 5 survivors (5120K)
 Metaspace       used 139147K, capacity 142478K, committed 142800K, reserved 1173504K
  class space    used 16956K, capacity 18230K, committed 18304K, reserved 1048576K
}
Event: 681.652 GC heap after
{Heap after GC invocations=253 (full 0):
 garbage-first heap   total 535552K, used 293376K [0x0000000080000000, 0x0000000100000000)
  region size 1024K, 5 young (5120K), 5 survivors (5120K)
 Metaspace       used 139147K, capacity 142478K, committed 142800K, reserved 1173504K
  class space    used 16956K, capacity 18230K, committed 18304K, reserved 1048576K
}
Event: 682.378 GC heap before
{Heap before GC invocations=253 (full 0):
 garbage-first heap   total 535552K, used 336384K [0x0000000080000000, 0x0000000100000000)
  region size 1024K, 44 young (45056K), 5 survivors (5120K)
 Metaspace       used 139153K, capacity 142478K, committed 142800K, reserved 1173504K
  class space    used 16956K, capacity 18230K, committed 18304K, reserved 1048576K
}
Event: 682.442 GC heap after
{Heap after GC invocations=254 (full 0):
 garbage-first heap   total 535552K, used 300352K [0x0000000080000000, 0x0000000100000000)
  region size 1024K, 3 young (3072K), 3 survivors (3072K)
 Metaspace       used 139153K, capacity 142478K, committed 142800K, reserved 1173504K
  class space    used 16956K, capacity 18230K, committed 18304K, reserved 1048576K
}
Event: 683.664 GC heap before
{Heap before GC invocations=254 (full 0):
 garbage-first heap   total 535552K, used 343360K [0x0000000080000000, 0x0000000100000000)
  region size 1024K, 39 young (39936K), 3 survivors (3072K)
 Metaspace       used 139158K, capacity 142479K, committed 142800K, reserved 1173504K
  class space    used 16956K, capacity 18230K, committed 18304K, reserved 1048576K
}

